<?xml version="1.0" encoding="UTF-8"?>
<!-- Generated by org.testng.reporters.JUnitXMLReporter -->
<testsuite ignored="0" hostname="Harrines-MacBook-Pro.local" failures="0" tests="4" name="Neev Practice" time="0.036" errors="0" timestamp="2021-04-15T15:03:12 IST">
  <testcase classname="com.neev.practice.training.LoginTest" name="loginTestCase" time="0.0"/>
  <testcase classname="com.neev.practice.training.LoginTest" name="loginTestCase1" time="0.001"/>
  <testcase classname="com.neev.practice.training.NewTest" name="newTestCase" time="0.0"/>
  <testcase classname="com.neev.practice.training.NewTest" name="newTestCase1" time="0.0"/>
</testsuite> <!-- Neev Practice -->
